0 info it worked if it ends with ok
1 verbose cli [ '/usr/bin/node', '/usr/bin/npm', 'start' ]
2 info using npm@3.5.2
3 info using node@v8.10.0
4 verbose run-script [ 'prestart', 'start', 'poststart' ]
5 info lifecycle react-contact-us@0.1.0~prestart: react-contact-us@0.1.0
6 silly lifecycle react-contact-us@0.1.0~prestart: no script for prestart, continuing
7 info lifecycle react-contact-us@0.1.0~start: react-contact-us@0.1.0
8 verbose lifecycle react-contact-us@0.1.0~start: unsafe-perm in lifecycle true
9 verbose lifecycle react-contact-us@0.1.0~start: PATH: /usr/share/npm/bin/node-gyp-bin:/mnt/c/Users/srija/git/class/info6250/student---srijansrivastava11/project/node_modules/.bin:/usr/local/sbin:/usr/local/bin:/usr/sbin:/usr/bin:/sbin:/bin:/usr/games:/usr/local/games:/mnt/c/Program Files/WindowsApps/CanonicalGroupLimited.Ubuntu18.04onWindows_1804.2020.423.0_x64__79rhkp1fndgsc:/mnt/c/Program Files (x86)/Common Files/Oracle/Java/javapath:/mnt/c/windows/system32:/mnt/c/windows:/mnt/c/windows/System32/Wbem:/mnt/c/windows/System32/WindowsPowerShell/v1.0/:/mnt/c/windows/System32/OpenSSH/:/mnt/c/Program Files/Git/cmd:/mnt/c/Program Files (x86)/Microsoft SQL Server/150/DTS/Binn/:/mnt/c/Program Files/nodejs/:/mnt/c/Users/srija/new/Anaconda3:/mnt/c/Users/srija/new/Anaconda3/Library/mingw-w64/bin:/mnt/c/Users/srija/new/Anaconda3/Library/usr/bin:/mnt/c/Users/srija/new/Anaconda3/Library/bin:/mnt/c/Users/srija/new/Anaconda3/Scripts:/mnt/c/Users/srija/AppData/Local/Microsoft/WindowsApps:/mnt/c/ProgramData/srija/GitHubDesktop/bin:/mnt/c/Users/srija/AppData/Local/GitHubDesktop/bin:/mnt/c/Users/srija/AppData/Roaming/npm:/mnt/c/Users/srija/AppData/Local/atom/bin:/snap/bin
10 verbose lifecycle react-contact-us@0.1.0~start: CWD: /mnt/c/Users/srija/git/class/info6250/student---srijansrivastava11/project
11 silly lifecycle react-contact-us@0.1.0~start: Args: [ '-c', 'node server.js' ]
12 silly lifecycle react-contact-us@0.1.0~start: Returned: code: 1  signal: null
13 info lifecycle react-contact-us@0.1.0~start: Failed to exec start script
14 verbose stack Error: react-contact-us@0.1.0 start: `node server.js`
14 verbose stack Exit status 1
14 verbose stack     at EventEmitter.<anonymous> (/usr/share/npm/lib/utils/lifecycle.js:232:16)
14 verbose stack     at emitTwo (events.js:126:13)
14 verbose stack     at EventEmitter.emit (events.js:214:7)
14 verbose stack     at ChildProcess.<anonymous> (/usr/share/npm/lib/utils/spawn.js:24:14)
14 verbose stack     at emitTwo (events.js:126:13)
14 verbose stack     at ChildProcess.emit (events.js:214:7)
14 verbose stack     at maybeClose (internal/child_process.js:925:16)
14 verbose stack     at Process.ChildProcess._handle.onexit (internal/child_process.js:209:5)
15 verbose pkgid react-contact-us@0.1.0
16 verbose cwd /mnt/c/Users/srija/git/class/info6250/student---srijansrivastava11/project
17 error Linux 4.4.0-18362-Microsoft
18 error argv "/usr/bin/node" "/usr/bin/npm" "start"
19 error node v8.10.0
20 error npm  v3.5.2
21 error code ELIFECYCLE
22 error react-contact-us@0.1.0 start: `node server.js`
22 error Exit status 1
23 error Failed at the react-contact-us@0.1.0 start script 'node server.js'.
23 error Make sure you have the latest version of node.js and npm installed.
23 error If you do, this is most likely a problem with the react-contact-us package,
23 error not with npm itself.
23 error Tell the author that this fails on your system:
23 error     node server.js
23 error You can get information on how to open an issue for this project with:
23 error     npm bugs react-contact-us
23 error Or if that isn't available, you can get their info via:
23 error     npm owner ls react-contact-us
23 error There is likely additional logging output above.
24 verbose exit [ 1, true ]
